<?xml version="1.0" encoding="UTF-8"?>
<testng-results skipped="0" failed="0" ignored="0" total="2" passed="2">
  <reporter-output>
  </reporter-output>
  <suite name="Suite" duration-ms="2645" started-at="2021-06-21T08:55:34 IST" finished-at="2021-06-21T08:55:36 IST">
    <groups>
      <group name="cucumber">
        <method signature="AbstractTestNGCucumberTests.runScenario(io.cucumber.testng.PickleWrapper,io.cucumber.testng.FeatureWrapper)[pri:0, instance:tests.Runner1@5579bb86]" name="runScenario" class="io.cucumber.testng.AbstractTestNGCucumberTests"/>
      </group> <!-- cucumber -->
    </groups>
    <test name="Test" duration-ms="2645" started-at="2021-06-21T08:55:34 IST" finished-at="2021-06-21T08:55:36 IST">
      <class name="tests.Runner1">
        <test-method status="PASS" signature="setUpClass()[pri:0, instance:tests.Runner1@5579bb86]" name="setUpClass" is-config="true" duration-ms="390" started-at="2021-06-21T08:55:34 IST" finished-at="2021-06-21T08:55:34 IST">
          <reporter-output>
          </reporter-output>
        </test-method> <!-- setUpClass -->
        <test-method status="PASS" signature="runScenario(io.cucumber.testng.PickleWrapper,io.cucumber.testng.FeatureWrapper)[pri:0, instance:tests.Runner1@5579bb86]" name="runScenario" duration-ms="1523" started-at="2021-06-21T08:55:34 IST" description="Runs Cucumber Scenarios" data-provider="scenarios" finished-at="2021-06-21T08:55:36 IST">
          <params>
            <param index="0">
              <value>
                <![CDATA["get all posts"]]>
              </value>
            </param>
            <param index="1">
              <value>
                <![CDATA["Optional[get employees details]"]]>
              </value>
            </param>
          </params>
          <reporter-output>
          </reporter-output>
        </test-method> <!-- runScenario -->
        <test-method status="PASS" signature="runScenario(io.cucumber.testng.PickleWrapper,io.cucumber.testng.FeatureWrapper)[pri:0, instance:tests.Runner1@5579bb86]" name="runScenario" duration-ms="664" started-at="2021-06-21T08:55:36 IST" description="Runs Cucumber Scenarios" data-provider="scenarios" finished-at="2021-06-21T08:55:36 IST">
          <params>
            <param index="0">
              <value>
                <![CDATA["create a new post"]]>
              </value>
            </param>
            <param index="1">
              <value>
                <![CDATA["Optional[posts creation]"]]>
              </value>
            </param>
          </params>
          <reporter-output>
          </reporter-output>
        </test-method> <!-- runScenario -->
        <test-method status="PASS" signature="tearDownClass()[pri:0, instance:tests.Runner1@5579bb86]" name="tearDownClass" is-config="true" duration-ms="34" started-at="2021-06-21T08:55:36 IST" finished-at="2021-06-21T08:55:36 IST">
          <reporter-output>
          </reporter-output>
        </test-method> <!-- tearDownClass -->
      </class> <!-- tests.Runner1 -->
    </test> <!-- Test -->
  </suite> <!-- Suite -->
</testng-results>
